# JRE version: Java(TM) SE Runtime Environment (23.0.2+7) (build 23.0.2+7-58)
# Java VM: Java HotSpot(TM) 64-Bit Server VM (23.0.2+7-58, mixed mode, emulated-client, sharing, tiered, compressed oops, compressed class ptrs, g1 gc, windows-amd64)
GC Precious Log:
 CardTable entry size: 512
 Card Set container configuration: InlinePtr #cards 5 size 8 Array Of Cards #cards 10 size 36 Howl #buckets 4 coarsen threshold 1843 Howl Bitmap #cards 512 size 80 coarsen threshold 460 Card regions per heap region 1 cards per card region 2048
 CPUs: 4 total, 4 available
 Memory: 3834M
 Large Page Support: Disabled
 NUMA Support: Disabled
 Compressed Oops: Enabled (32-bit)
 Heap Region Size: 1M
 Heap Min Capacity: 8M
 Heap Initial Capacity: 60M
 Heap Max Capacity: 960M
 Pre-touch: Disabled
 Parallel Workers: 4
 Concurrent Workers: 1
 Concurrent Refinement Workers: 4
 Periodic GC: Disabled
Heap:
 garbage-first heap   total reserved 983040K, committed 65536K, used 53977K [0x00000000c4000000, 0x0000000100000000)
  region size 1024K, 2 young (2048K), 2 survivors (2048K)
 Metaspace       used 57568K, committed 58304K, reserved 1114112K
  class space    used 8457K, committed 8768K, reserved 1048576K
GC Heap History (20 events):
Event: 21.668 GC heap after
{Heap after GC invocations=13 (full 0):
 garbage-first heap   total reserved 983040K, committed 55296K, used 24862K [0x00000000c4000000, 0x0000000100000000)
  region size 1024K, 1 young (1024K), 1 survivors (1024K)
 Metaspace       used 46954K, committed 47552K, reserved 1114112K
  class space    used 6828K, committed 7104K, reserved 1048576K
}
Event: 24.380 GC heap before
{Heap before GC invocations=13 (full 0):
 garbage-first heap   total reserved 983040K, committed 55296K, used 48414K [0x00000000c4000000, 0x0000000100000000)
  region size 1024K, 24 young (24576K), 1 survivors (1024K)
 Metaspace       used 51028K, committed 51712K, reserved 1114112K
  class space    used 7498K, committed 7808K, reserved 1048576K
}
Event: 24.386 GC heap after
{Heap after GC invocations=14 (full 0):
 garbage-first heap   total reserved 983040K, committed 55296K, used 25812K [0x00000000c4000000, 0x0000000100000000)
  region size 1024K, 2 young (2048K), 2 survivors (2048K)
 Metaspace       used 51028K, committed 51712K, reserved 1114112K
  class space    used 7498K, committed 7808K, reserved 1048576K
}
Event: 26.335 GC heap before
{Heap before GC invocations=14 (full 0):
 garbage-first heap   total reserved 983040K, committed 55296K, used 47316K [0x00000000c4000000, 0x0000000100000000)
  region size 1024K, 24 young (24576K), 2 survivors (2048K)
 Metaspace       used 54790K, committed 55424K, reserved 1114112K
  class space    used 7999K, committed 8256K, reserved 1048576K
}
Event: 26.350 GC heap after
{Heap after GC invocations=15 (full 0):
 garbage-first heap   total reserved 983040K, committed 55296K, used 27836K [0x00000000c4000000, 0x0000000100000000)
  region size 1024K, 3 young (3072K), 3 survivors (3072K)
 Metaspace       used 54790K, committed 55424K, reserved 1114112K
  class space    used 7999K, committed 8256K, reserved 1048576K
}
Event: 28.155 GC heap before
{Heap before GC invocations=15 (full 0):
 garbage-first heap   total reserved 983040K, committed 55296K, used 47292K [0x00000000c4000000, 0x0000000100000000)
  region size 1024K, 22 young (22528K), 3 survivors (3072K)
 Metaspace       used 56857K, committed 57536K, reserved 1114112K
  class space    used 8315K, committed 8576K, reserved 1048576K
}
Event: 28.167 GC heap after
{Heap after GC invocations=16 (full 0):
 garbage-first heap   total reserved 983040K, committed 55296K, used 29907K [0x00000000c4000000, 0x0000000100000000)
  region size 1024K, 3 young (3072K), 3 survivors (3072K)
 Metaspace       used 56857K, committed 57536K, reserved 1114112K
  class space    used 8315K, committed 8576K, reserved 1048576K
}
Event: 29.994 GC heap before
{Heap before GC invocations=17 (full 0):
 garbage-first heap   total reserved 983040K, committed 55296K, used 46291K [0x00000000c4000000, 0x0000000100000000)
  region size 1024K, 19 young (19456K), 3 survivors (3072K)
 Metaspace       used 57470K, committed 58112K, reserved 1114112K
  class space    used 8441K, committed 8704K, reserved 1048576K
}
Event: 30.007 GC heap after
{Heap after GC invocations=18 (full 0):
 garbage-first heap   total reserved 983040K, committed 55296K, used 32971K [0x00000000c4000000, 0x0000000100000000)
  region size 1024K, 3 young (3072K), 3 survivors (3072K)
 Metaspace       used 57470K, committed 58112K, reserved 1114112K
  class space    used 8441K, committed 8704K, reserved 1048576K
}
Event: 30.839 GC heap before
{Heap before GC invocations=18 (full 0):
 garbage-first heap   total reserved 983040K, committed 55296K, used 48331K [0x00000000c4000000, 0x0000000100000000)
  region size 1024K, 17 young (17408K), 3 survivors (3072K)
 Metaspace       used 57470K, committed 58112K, reserved 1114112K
  class space    used 8441K, committed 8704K, reserved 1048576K
}
Event: 30.849 GC heap after
{Heap after GC invocations=19 (full 0):
 garbage-first heap   total reserved 983040K, committed 57344K, used 38087K [0x00000000c4000000, 0x0000000100000000)
  region size 1024K, 3 young (3072K), 3 survivors (3072K)
 Metaspace       used 57470K, committed 58112K, reserved 1114112K
  class space    used 8441K, committed 8704K, reserved 1048576K
}
Event: 30.965 GC heap before
{Heap before GC invocations=19 (full 0):
 garbage-first heap   total reserved 983040K, committed 57344K, used 49351K [0x00000000c4000000, 0x0000000100000000)
  region size 1024K, 14 young (14336K), 3 survivors (3072K)
 Metaspace       used 57485K, committed 58112K, reserved 1114112K
  class space    used 8444K, committed 8704K, reserved 1048576K
}
Event: 30.971 GC heap after
{Heap after GC invocations=20 (full 0):
 garbage-first heap   total reserved 983040K, committed 57344K, used 38676K [0x00000000c4000000, 0x0000000100000000)
  region size 1024K, 2 young (2048K), 2 survivors (2048K)
 Metaspace       used 57485K, committed 58112K, reserved 1114112K
  class space    used 8444K, committed 8704K, reserved 1048576K
}
Event: 31.502 GC heap before
{Heap before GC invocations=21 (full 0):
 garbage-first heap   total reserved 983040K, committed 65536K, used 49940K [0x00000000c4000000, 0x0000000100000000)
  region size 1024K, 14 young (14336K), 2 survivors (2048K)
 Metaspace       used 57568K, committed 58304K, reserved 1114112K
  class space    used 8457K, committed 8768K, reserved 1048576K
}
Event: 31.511 GC heap after
{Heap after GC invocations=22 (full 0):
 garbage-first heap   total reserved 983040K, committed 65536K, used 42985K [0x00000000c4000000, 0x0000000100000000)
  region size 1024K, 2 young (2048K), 2 survivors (2048K)
 Metaspace       used 57568K, committed 58304K, reserved 1114112K
  class space    used 8457K, committed 8768K, reserved 1048576K
}
Event: 31.704 GC heap before
{Heap before GC invocations=22 (full 0):
 garbage-first heap   total reserved 983040K, committed 65536K, used 57321K [0x00000000c4000000, 0x0000000100000000)
  region size 1024K, 15 young (15360K), 2 survivors (2048K)
 Metaspace       used 57568K, committed 58304K, reserved 1114112K
  class space    used 8457K, committed 8768K, reserved 1048576K
}
Event: 31.712 GC heap after
{Heap after GC invocations=23 (full 0):
 garbage-first heap   total reserved 983040K, committed 65536K, used 48128K [0x00000000c4000000, 0x0000000100000000)
  region size 1024K, 2 young (2048K), 2 survivors (2048K)
 Metaspace       used 57568K, committed 58304K, reserved 1114112K
  class space    used 8457K, committed 8768K, reserved 1048576K
}
Event: 31.773 GC heap before
{Heap before GC invocations=23 (full 0):
 garbage-first heap   total reserved 983040K, committed 65536K, used 58368K [0x00000000c4000000, 0x0000000100000000)
  region size 1024K, 12 young (12288K), 2 survivors (2048K)
 Metaspace       used 57568K, committed 58304K, reserved 1114112K
  class space    used 8457K, committed 8768K, reserved 1048576K
}
Event: 31.778 GC heap after
{Heap after GC invocations=24 (full 0):
 garbage-first heap   total reserved 983040K, committed 65536K, used 50353K [0x00000000c4000000, 0x0000000100000000)
  region size 1024K, 2 young (2048K), 2 survivors (2048K)
 Metaspace       used 57568K, committed 58304K, reserved 1114112K
  class space    used 8457K, committed 8768K, reserved 1048576K
}
Event: 31.824 GC heap before
{Heap before GC invocations=24 (full 0):
 garbage-first heap   total reserved 983040K, committed 65536K, used 58545K [0x00000000c4000000, 0x0000000100000000)
  region size 1024K, 10 young (10240K), 2 survivors (2048K)
 Metaspace       used 57568K, committed 58304K, reserved 1114112K
  class space    used 8457K, committed 8768K, reserved 1048576K
}

